<?xml version="1.0" encoding="UTF-8"?>
<!-- Generated by org.testng.reporters.JUnitReportReporter -->
<testsuite skipped="0" hostname="DESKTOP-6H2RTSB" name="testcases.LoginTest" tests="4" failures="0" timestamp="2021-10-23T14:10:47 EDT" time="10.792" errors="0">
  <testcase name="invalidLoginErrorMessageValidation" time="2.547" classname="testcases.LoginTest"/>
  <system-out/>
  <testcase name="invalidLoginErrorMessageValidation" time="3.625" classname="testcases.LoginTest"/>
  <system-out/>
  <testcase name="invalidLoginErrorMessageValidation" time="2.289" classname="testcases.LoginTest"/>
  <system-out/>
  <testcase name="invalidLoginErrorMessageValidation" time="2.331" classname="testcases.LoginTest"/>
  <system-out/>
</testsuite> <!-- testcases.LoginTest -->
